[13-Jan-2019 15:26:29 UTC] PHP Warning:  PHP Startup: Unable to load dynamic library '/home/ubuntu/workspace/ext/curl' - /home/ubuntu/workspace/ext/curl: cannot open shared object file: No such file or directory in Unknown on line 0
[13-Jan-2019 15:26:29 UTC] PHP Warning:  PHP Startup: Unable to load dynamic library '/home/ubuntu/workspace/ext/gd2' - /home/ubuntu/workspace/ext/gd2: cannot open shared object file: No such file or directory in Unknown on line 0
[13-Jan-2019 15:26:29 UTC] PHP Warning:  PHP Startup: Unable to load dynamic library '/home/ubuntu/workspace/ext/mbstring' - /home/ubuntu/workspace/ext/mbstring: cannot open shared object file: No such file or directory in Unknown on line 0
[13-Jan-2019 15:26:29 UTC] PHP Warning:  PHP Startup: Unable to load dynamic library '/home/ubuntu/workspace/ext/pdo_mysql' - /home/ubuntu/workspace/ext/pdo_mysql: cannot open shared object file: No such file or directory in Unknown on line 0
[13-Jan-2019 15:26:29 UTC] PHP Warning:  PHP Startup: Unable to load dynamic library '/home/ubuntu/workspace/ext/php_bz2' - /home/ubuntu/workspace/ext/php_bz2: cannot open shared object file: No such file or directory in Unknown on line 0
[13-Jan-2019 15:26:29 UTC] PHP Warning:  PHP Startup: Unable to load dynamic library '/home/ubuntu/workspace/ext/php_openssl' - /home/ubuntu/workspace/ext/php_openssl: cannot open shared object file: No such file or directory in Unknown on line 0
[13-Jan-2019 15:26:29 UTC] PHP Warning:  PHP Startup: Unable to load dynamic library '/home/ubuntu/workspace/ext/php_fileinfo' - /home/ubuntu/workspace/ext/php_fileinfo: cannot open shared object file: No such file or directory in Unknown on line 0
[13-Jan-2019 15:27:26 UTC] PHP Warning:  PHP Startup: Unable to load dynamic library '/home/ubuntu/workspace/ext/curl' - /home/ubuntu/workspace/ext/curl: cannot open shared object file: No such file or directory in Unknown on line 0
[13-Jan-2019 15:27:26 UTC] PHP Warning:  PHP Startup: Unable to load dynamic library '/home/ubuntu/workspace/ext/gd2' - /home/ubuntu/workspace/ext/gd2: cannot open shared object file: No such file or directory in Unknown on line 0
[13-Jan-2019 15:27:26 UTC] PHP Warning:  PHP Startup: Unable to load dynamic library '/home/ubuntu/workspace/ext/mbstring' - /home/ubuntu/workspace/ext/mbstring: cannot open shared object file: No such file or directory in Unknown on line 0
[13-Jan-2019 15:27:26 UTC] PHP Warning:  PHP Startup: Unable to load dynamic library '/home/ubuntu/workspace/ext/pdo_mysql' - /home/ubuntu/workspace/ext/pdo_mysql: cannot open shared object file: No such file or directory in Unknown on line 0
[13-Jan-2019 15:27:26 UTC] PHP Warning:  PHP Startup: Unable to load dynamic library '/home/ubuntu/workspace/ext/php_bz2' - /home/ubuntu/workspace/ext/php_bz2: cannot open shared object file: No such file or directory in Unknown on line 0
[13-Jan-2019 15:27:26 UTC] PHP Warning:  PHP Startup: Unable to load dynamic library '/home/ubuntu/workspace/ext/php_openssl' - /home/ubuntu/workspace/ext/php_openssl: cannot open shared object file: No such file or directory in Unknown on line 0
[13-Jan-2019 15:27:26 UTC] PHP Warning:  PHP Startup: Unable to load dynamic library '/home/ubuntu/workspace/ext/php_fileinfo' - /home/ubuntu/workspace/ext/php_fileinfo: cannot open shared object file: No such file or directory in Unknown on line 0
[13-Jan-2019 15:27:26 UTC] PHP Warning:  PHP Startup: Unable to load dynamic library '/home/ubuntu/workspace/ext/curl' - /home/ubuntu/workspace/ext/curl: cannot open shared object file: No such file or directory in Unknown on line 0
[13-Jan-2019 15:27:26 UTC] PHP Warning:  PHP Startup: Unable to load dynamic library '/home/ubuntu/workspace/ext/gd2' - /home/ubuntu/workspace/ext/gd2: cannot open shared object file: No such file or directory in Unknown on line 0
[13-Jan-2019 15:27:26 UTC] PHP Warning:  PHP Startup: Unable to load dynamic library '/home/ubuntu/workspace/ext/mbstring' - /home/ubuntu/workspace/ext/mbstring: cannot open shared object file: No such file or directory in Unknown on line 0
[13-Jan-2019 15:27:26 UTC] PHP Warning:  PHP Startup: Unable to load dynamic library '/home/ubuntu/workspace/ext/pdo_mysql' - /home/ubuntu/workspace/ext/pdo_mysql: cannot open shared object file: No such file or directory in Unknown on line 0
[13-Jan-2019 15:27:26 UTC] PHP Warning:  PHP Startup: Unable to load dynamic library '/home/ubuntu/workspace/ext/php_bz2' - /home/ubuntu/workspace/ext/php_bz2: cannot open shared object file: No such file or directory in Unknown on line 0
[13-Jan-2019 15:27:26 UTC] PHP Warning:  PHP Startup: Unable to load dynamic library '/home/ubuntu/workspace/ext/php_openssl' - /home/ubuntu/workspace/ext/php_openssl: cannot open shared object file: No such file or directory in Unknown on line 0
[13-Jan-2019 15:27:26 UTC] PHP Warning:  PHP Startup: Unable to load dynamic library '/home/ubuntu/workspace/ext/php_fileinfo' - /home/ubuntu/workspace/ext/php_fileinfo: cannot open shared object file: No such file or directory in Unknown on line 0
[18-Jan-2019 10:18:36 UTC] PHP Warning:  PHP Startup: Unable to load dynamic library '/home/ubuntu/workspace/ext/curl' - /home/ubuntu/workspace/ext/curl: cannot open shared object file: No such file or directory in Unknown on line 0
[18-Jan-2019 10:18:36 UTC] PHP Warning:  PHP Startup: Unable to load dynamic library '/home/ubuntu/workspace/ext/gd2' - /home/ubuntu/workspace/ext/gd2: cannot open shared object file: No such file or directory in Unknown on line 0
[18-Jan-2019 10:18:36 UTC] PHP Warning:  PHP Startup: Unable to load dynamic library '/home/ubuntu/workspace/ext/mbstring' - /home/ubuntu/workspace/ext/mbstring: cannot open shared object file: No such file or directory in Unknown on line 0
[18-Jan-2019 10:18:36 UTC] PHP Warning:  PHP Startup: Unable to load dynamic library '/home/ubuntu/workspace/ext/pdo_mysql' - /home/ubuntu/workspace/ext/pdo_mysql: cannot open shared object file: No such file or directory in Unknown on line 0
[18-Jan-2019 10:18:36 UTC] PHP Warning:  PHP Startup: Unable to load dynamic library '/home/ubuntu/workspace/ext/php_bz2' - /home/ubuntu/workspace/ext/php_bz2: cannot open shared object file: No such file or directory in Unknown on line 0
[18-Jan-2019 10:18:36 UTC] PHP Warning:  PHP Startup: Unable to load dynamic library '/home/ubuntu/workspace/ext/php_openssl' - /home/ubuntu/workspace/ext/php_openssl: cannot open shared object file: No such file or directory in Unknown on line 0
[18-Jan-2019 10:18:36 UTC] PHP Warning:  PHP Startup: Unable to load dynamic library '/home/ubuntu/workspace/ext/php_fileinfo' - /home/ubuntu/workspace/ext/php_fileinfo: cannot open shared object file: No such file or directory in Unknown on line 0
[18-Jan-2019 10:23:56 UTC] PHP Warning:  PHP Startup: Unable to load dynamic library '/home/ubuntu/workspace/ext/curl' - /home/ubuntu/workspace/ext/curl: cannot open shared object file: No such file or directory in Unknown on line 0
[18-Jan-2019 10:23:56 UTC] PHP Warning:  PHP Startup: Unable to load dynamic library '/home/ubuntu/workspace/ext/gd2' - /home/ubuntu/workspace/ext/gd2: cannot open shared object file: No such file or directory in Unknown on line 0
[18-Jan-2019 10:23:56 UTC] PHP Warning:  PHP Startup: Unable to load dynamic library '/home/ubuntu/workspace/ext/mbstring' - /home/ubuntu/workspace/ext/mbstring: cannot open shared object file: No such file or directory in Unknown on line 0
[18-Jan-2019 10:23:56 UTC] PHP Warning:  PHP Startup: Unable to load dynamic library '/home/ubuntu/workspace/ext/pdo_mysql' - /home/ubuntu/workspace/ext/pdo_mysql: cannot open shared object file: No such file or directory in Unknown on line 0
[18-Jan-2019 10:23:56 UTC] PHP Warning:  PHP Startup: Unable to load dynamic library '/home/ubuntu/workspace/ext/php_bz2' - /home/ubuntu/workspace/ext/php_bz2: cannot open shared object file: No such file or directory in Unknown on line 0
[18-Jan-2019 10:23:56 UTC] PHP Warning:  PHP Startup: Unable to load dynamic library '/home/ubuntu/workspace/ext/php_openssl' - /home/ubuntu/workspace/ext/php_openssl: cannot open shared object file: No such file or directory in Unknown on line 0
[18-Jan-2019 10:23:56 UTC] PHP Warning:  PHP Startup: Unable to load dynamic library '/home/ubuntu/workspace/ext/php_fileinfo' - /home/ubuntu/workspace/ext/php_fileinfo: cannot open shared object file: No such file or directory in Unknown on line 0
[18-Jan-2019 11:29:25 UTC] PHP Warning:  PHP Startup: Unable to load dynamic library '/home/ubuntu/workspace/ext/curl' - /home/ubuntu/workspace/ext/curl: cannot open shared object file: No such file or directory in Unknown on line 0
[18-Jan-2019 11:29:25 UTC] PHP Warning:  PHP Startup: Unable to load dynamic library '/home/ubuntu/workspace/ext/gd2' - /home/ubuntu/workspace/ext/gd2: cannot open shared object file: No such file or directory in Unknown on line 0
[18-Jan-2019 11:29:25 UTC] PHP Warning:  PHP Startup: Unable to load dynamic library '/home/ubuntu/workspace/ext/mbstring' - /home/ubuntu/workspace/ext/mbstring: cannot open shared object file: No such file or directory in Unknown on line 0
[18-Jan-2019 11:29:25 UTC] PHP Warning:  PHP Startup: Unable to load dynamic library '/home/ubuntu/workspace/ext/pdo_mysql' - /home/ubuntu/workspace/ext/pdo_mysql: cannot open shared object file: No such file or directory in Unknown on line 0
[18-Jan-2019 11:29:25 UTC] PHP Warning:  PHP Startup: Unable to load dynamic library '/home/ubuntu/workspace/ext/php_bz2' - /home/ubuntu/workspace/ext/php_bz2: cannot open shared object file: No such file or directory in Unknown on line 0
[18-Jan-2019 11:29:25 UTC] PHP Warning:  PHP Startup: Unable to load dynamic library '/home/ubuntu/workspace/ext/php_openssl' - /home/ubuntu/workspace/ext/php_openssl: cannot open shared object file: No such file or directory in Unknown on line 0
[18-Jan-2019 11:29:25 UTC] PHP Warning:  PHP Startup: Unable to load dynamic library '/home/ubuntu/workspace/ext/php_fileinfo' - /home/ubuntu/workspace/ext/php_fileinfo: cannot open shared object file: No such file or directory in Unknown on line 0
[16-Mar-2019 02:01:24 UTC] PHP Warning:  PHP Startup: Unable to load dynamic library '/home/ubuntu/workspace/ext/curl' - /home/ubuntu/workspace/ext/curl: cannot open shared object file: No such file or directory in Unknown on line 0
[16-Mar-2019 02:01:24 UTC] PHP Warning:  PHP Startup: Unable to load dynamic library '/home/ubuntu/workspace/ext/gd2' - /home/ubuntu/workspace/ext/gd2: cannot open shared object file: No such file or directory in Unknown on line 0
[16-Mar-2019 02:01:24 UTC] PHP Warning:  PHP Startup: Unable to load dynamic library '/home/ubuntu/workspace/ext/mbstring' - /home/ubuntu/workspace/ext/mbstring: cannot open shared object file: No such file or directory in Unknown on line 0
[16-Mar-2019 02:01:24 UTC] PHP Warning:  PHP Startup: Unable to load dynamic library '/home/ubuntu/workspace/ext/pdo_mysql' - /home/ubuntu/workspace/ext/pdo_mysql: cannot open shared object file: No such file or directory in Unknown on line 0
[16-Mar-2019 02:01:24 UTC] PHP Warning:  PHP Startup: Unable to load dynamic library '/home/ubuntu/workspace/ext/php_bz2' - /home/ubuntu/workspace/ext/php_bz2: cannot open shared object file: No such file or directory in Unknown on line 0
[16-Mar-2019 02:01:24 UTC] PHP Warning:  PHP Startup: Unable to load dynamic library '/home/ubuntu/workspace/ext/php_openssl' - /home/ubuntu/workspace/ext/php_openssl: cannot open shared object file: No such file or directory in Unknown on line 0
[16-Mar-2019 02:01:24 UTC] PHP Warning:  PHP Startup: Unable to load dynamic library '/home/ubuntu/workspace/ext/php_fileinfo' - /home/ubuntu/workspace/ext/php_fileinfo: cannot open shared object file: No such file or directory in Unknown on line 0
[16-Mar-2019 02:28:42 UTC] PHP Warning:  PHP Startup: Unable to load dynamic library '/home/ubuntu/workspace/ext/curl' - /home/ubuntu/workspace/ext/curl: cannot open shared object file: No such file or directory in Unknown on line 0
[16-Mar-2019 02:28:42 UTC] PHP Warning:  PHP Startup: Unable to load dynamic library '/home/ubuntu/workspace/ext/gd2' - /home/ubuntu/workspace/ext/gd2: cannot open shared object file: No such file or directory in Unknown on line 0
[16-Mar-2019 02:28:42 UTC] PHP Warning:  PHP Startup: Unable to load dynamic library '/home/ubuntu/workspace/ext/mbstring' - /home/ubuntu/workspace/ext/mbstring: cannot open shared object file: No such file or directory in Unknown on line 0
[16-Mar-2019 02:28:42 UTC] PHP Warning:  PHP Startup: Unable to load dynamic library '/home/ubuntu/workspace/ext/pdo_mysql' - /home/ubuntu/workspace/ext/pdo_mysql: cannot open shared object file: No such file or directory in Unknown on line 0
[16-Mar-2019 02:28:42 UTC] PHP Warning:  PHP Startup: Unable to load dynamic library '/home/ubuntu/workspace/ext/php_bz2' - /home/ubuntu/workspace/ext/php_bz2: cannot open shared object file: No such file or directory in Unknown on line 0
[16-Mar-2019 02:28:42 UTC] PHP Warning:  PHP Startup: Unable to load dynamic library '/home/ubuntu/workspace/ext/php_openssl' - /home/ubuntu/workspace/ext/php_openssl: cannot open shared object file: No such file or directory in Unknown on line 0
[16-Mar-2019 02:28:42 UTC] PHP Warning:  PHP Startup: Unable to load dynamic library '/home/ubuntu/workspace/ext/php_fileinfo' - /home/ubuntu/workspace/ext/php_fileinfo: cannot open shared object file: No such file or directory in Unknown on line 0
[16-Mar-2019 02:36:29 UTC] PHP Warning:  PHP Startup: Unable to load dynamic library '/home/ubuntu/workspace/ext/curl' - /home/ubuntu/workspace/ext/curl: cannot open shared object file: No such file or directory in Unknown on line 0
[16-Mar-2019 02:36:29 UTC] PHP Warning:  PHP Startup: Unable to load dynamic library '/home/ubuntu/workspace/ext/gd2' - /home/ubuntu/workspace/ext/gd2: cannot open shared object file: No such file or directory in Unknown on line 0
[16-Mar-2019 02:36:29 UTC] PHP Warning:  PHP Startup: Unable to load dynamic library '/home/ubuntu/workspace/ext/mbstring' - /home/ubuntu/workspace/ext/mbstring: cannot open shared object file: No such file or directory in Unknown on line 0
[16-Mar-2019 02:36:29 UTC] PHP Warning:  PHP Startup: Unable to load dynamic library '/home/ubuntu/workspace/ext/pdo_mysql' - /home/ubuntu/workspace/ext/pdo_mysql: cannot open shared object file: No such file or directory in Unknown on line 0
[16-Mar-2019 02:36:29 UTC] PHP Warning:  PHP Startup: Unable to load dynamic library '/home/ubuntu/workspace/ext/php_bz2' - /home/ubuntu/workspace/ext/php_bz2: cannot open shared object file: No such file or directory in Unknown on line 0
[16-Mar-2019 02:36:29 UTC] PHP Warning:  PHP Startup: Unable to load dynamic library '/home/ubuntu/workspace/ext/php_openssl' - /home/ubuntu/workspace/ext/php_openssl: cannot open shared object file: No such file or directory in Unknown on line 0
[16-Mar-2019 02:36:29 UTC] PHP Warning:  PHP Startup: Unable to load dynamic library '/home/ubuntu/workspace/ext/php_fileinfo' - /home/ubuntu/workspace/ext/php_fileinfo: cannot open shared object file: No such file or directory in Unknown on line 0
[16-Mar-2019 02:40:09 UTC] PHP Warning:  PHP Startup: Unable to load dynamic library '/home/ubuntu/workspace/ext/curl' - /home/ubuntu/workspace/ext/curl: cannot open shared object file: No such file or directory in Unknown on line 0
[16-Mar-2019 02:40:09 UTC] PHP Warning:  PHP Startup: Unable to load dynamic library '/home/ubuntu/workspace/ext/gd2' - /home/ubuntu/workspace/ext/gd2: cannot open shared object file: No such file or directory in Unknown on line 0
[16-Mar-2019 02:40:09 UTC] PHP Warning:  PHP Startup: Unable to load dynamic library '/home/ubuntu/workspace/ext/mbstring' - /home/ubuntu/workspace/ext/mbstring: cannot open shared object file: No such file or directory in Unknown on line 0
[16-Mar-2019 02:40:09 UTC] PHP Warning:  PHP Startup: Unable to load dynamic library '/home/ubuntu/workspace/ext/pdo_mysql' - /home/ubuntu/workspace/ext/pdo_mysql: cannot open shared object file: No such file or directory in Unknown on line 0
[16-Mar-2019 02:40:09 UTC] PHP Warning:  PHP Startup: Unable to load dynamic library '/home/ubuntu/workspace/ext/php_bz2' - /home/ubuntu/workspace/ext/php_bz2: cannot open shared object file: No such file or directory in Unknown on line 0
[16-Mar-2019 02:40:09 UTC] PHP Warning:  PHP Startup: Unable to load dynamic library '/home/ubuntu/workspace/ext/php_openssl' - /home/ubuntu/workspace/ext/php_openssl: cannot open shared object file: No such file or directory in Unknown on line 0
[16-Mar-2019 02:40:09 UTC] PHP Warning:  PHP Startup: Unable to load dynamic library '/home/ubuntu/workspace/ext/php_fileinfo' - /home/ubuntu/workspace/ext/php_fileinfo: cannot open shared object file: No such file or directory in Unknown on line 0
[16-Mar-2019 02:40:09 UTC] PHP Warning:  PHP Startup: Unable to load dynamic library '/home/ubuntu/workspace/ext/curl' - /home/ubuntu/workspace/ext/curl: cannot open shared object file: No such file or directory in Unknown on line 0
[16-Mar-2019 02:40:10 UTC] PHP Warning:  PHP Startup: Unable to load dynamic library '/home/ubuntu/workspace/ext/gd2' - /home/ubuntu/workspace/ext/gd2: cannot open shared object file: No such file or directory in Unknown on line 0
[16-Mar-2019 02:40:10 UTC] PHP Warning:  PHP Startup: Unable to load dynamic library '/home/ubuntu/workspace/ext/mbstring' - /home/ubuntu/workspace/ext/mbstring: cannot open shared object file: No such file or directory in Unknown on line 0
[16-Mar-2019 02:40:10 UTC] PHP Warning:  PHP Startup: Unable to load dynamic library '/home/ubuntu/workspace/ext/pdo_mysql' - /home/ubuntu/workspace/ext/pdo_mysql: cannot open shared object file: No such file or directory in Unknown on line 0
[16-Mar-2019 02:40:10 UTC] PHP Warning:  PHP Startup: Unable to load dynamic library '/home/ubuntu/workspace/ext/php_bz2' - /home/ubuntu/workspace/ext/php_bz2: cannot open shared object file: No such file or directory in Unknown on line 0
[16-Mar-2019 02:40:10 UTC] PHP Warning:  PHP Startup: Unable to load dynamic library '/home/ubuntu/workspace/ext/php_openssl' - /home/ubuntu/workspace/ext/php_openssl: cannot open shared object file: No such file or directory in Unknown on line 0
[16-Mar-2019 02:40:10 UTC] PHP Warning:  PHP Startup: Unable to load dynamic library '/home/ubuntu/workspace/ext/php_fileinfo' - /home/ubuntu/workspace/ext/php_fileinfo: cannot open shared object file: No such file or directory in Unknown on line 0
[01-Apr-2019 07:38:14 UTC] PHP Warning:  PHP Startup: Unable to load dynamic library '/home/ubuntu/workspace/ext/curl' - /home/ubuntu/workspace/ext/curl: cannot open shared object file: No such file or directory in Unknown on line 0
[01-Apr-2019 07:38:14 UTC] PHP Warning:  PHP Startup: Unable to load dynamic library '/home/ubuntu/workspace/ext/gd2' - /home/ubuntu/workspace/ext/gd2: cannot open shared object file: No such file or directory in Unknown on line 0
[01-Apr-2019 07:38:14 UTC] PHP Warning:  PHP Startup: Unable to load dynamic library '/home/ubuntu/workspace/ext/mbstring' - /home/ubuntu/workspace/ext/mbstring: cannot open shared object file: No such file or directory in Unknown on line 0
[01-Apr-2019 07:38:14 UTC] PHP Warning:  PHP Startup: Unable to load dynamic library '/home/ubuntu/workspace/ext/pdo_mysql' - /home/ubuntu/workspace/ext/pdo_mysql: cannot open shared object file: No such file or directory in Unknown on line 0
[01-Apr-2019 07:38:14 UTC] PHP Warning:  PHP Startup: Unable to load dynamic library '/home/ubuntu/workspace/ext/php_bz2' - /home/ubuntu/workspace/ext/php_bz2: cannot open shared object file: No such file or directory in Unknown on line 0
[01-Apr-2019 07:38:14 UTC] PHP Warning:  PHP Startup: Unable to load dynamic library '/home/ubuntu/workspace/ext/php_openssl' - /home/ubuntu/workspace/ext/php_openssl: cannot open shared object file: No such file or directory in Unknown on line 0
[01-Apr-2019 07:38:14 UTC] PHP Warning:  PHP Startup: Unable to load dynamic library '/home/ubuntu/workspace/ext/php_fileinfo' - /home/ubuntu/workspace/ext/php_fileinfo: cannot open shared object file: No such file or directory in Unknown on line 0
[06-Apr-2019 12:18:11 UTC] PHP Warning:  PHP Startup: Unable to load dynamic library '/home/ubuntu/workspace/ext/curl' - /home/ubuntu/workspace/ext/curl: cannot open shared object file: No such file or directory in Unknown on line 0
[06-Apr-2019 12:18:11 UTC] PHP Warning:  PHP Startup: Unable to load dynamic library '/home/ubuntu/workspace/ext/gd2' - /home/ubuntu/workspace/ext/gd2: cannot open shared object file: No such file or directory in Unknown on line 0
[06-Apr-2019 12:18:11 UTC] PHP Warning:  PHP Startup: Unable to load dynamic library '/home/ubuntu/workspace/ext/mbstring' - /home/ubuntu/workspace/ext/mbstring: cannot open shared object file: No such file or directory in Unknown on line 0
[06-Apr-2019 12:18:11 UTC] PHP Warning:  PHP Startup: Unable to load dynamic library '/home/ubuntu/workspace/ext/pdo_mysql' - /home/ubuntu/workspace/ext/pdo_mysql: cannot open shared object file: No such file or directory in Unknown on line 0
[06-Apr-2019 12:18:11 UTC] PHP Warning:  PHP Startup: Unable to load dynamic library '/home/ubuntu/workspace/ext/php_bz2' - /home/ubuntu/workspace/ext/php_bz2: cannot open shared object file: No such file or directory in Unknown on line 0
[06-Apr-2019 12:18:11 UTC] PHP Warning:  PHP Startup: Unable to load dynamic library '/home/ubuntu/workspace/ext/php_openssl' - /home/ubuntu/workspace/ext/php_openssl: cannot open shared object file: No such file or directory in Unknown on line 0
[06-Apr-2019 12:18:11 UTC] PHP Warning:  PHP Startup: Unable to load dynamic library '/home/ubuntu/workspace/ext/php_fileinfo' - /home/ubuntu/workspace/ext/php_fileinfo: cannot open shared object file: No such file or directory in Unknown on line 0
[06-Apr-2019 12:18:11 UTC] PHP Warning:  PHP Startup: Unable to load dynamic library '/home/ubuntu/workspace/ext/curl' - /home/ubuntu/workspace/ext/curl: cannot open shared object file: No such file or directory in Unknown on line 0
[06-Apr-2019 12:18:11 UTC] PHP Warning:  PHP Startup: Unable to load dynamic library '/home/ubuntu/workspace/ext/gd2' - /home/ubuntu/workspace/ext/gd2: cannot open shared object file: No such file or directory in Unknown on line 0
[06-Apr-2019 12:18:11 UTC] PHP Warning:  PHP Startup: Unable to load dynamic library '/home/ubuntu/workspace/ext/mbstring' - /home/ubuntu/workspace/ext/mbstring: cannot open shared object file: No such file or directory in Unknown on line 0
[06-Apr-2019 12:18:11 UTC] PHP Warning:  PHP Startup: Unable to load dynamic library '/home/ubuntu/workspace/ext/pdo_mysql' - /home/ubuntu/workspace/ext/pdo_mysql: cannot open shared object file: No such file or directory in Unknown on line 0
[06-Apr-2019 12:18:11 UTC] PHP Warning:  PHP Startup: Unable to load dynamic library '/home/ubuntu/workspace/ext/php_bz2' - /home/ubuntu/workspace/ext/php_bz2: cannot open shared object file: No such file or directory in Unknown on line 0
[06-Apr-2019 12:18:11 UTC] PHP Warning:  PHP Startup: Unable to load dynamic library '/home/ubuntu/workspace/ext/php_openssl' - /home/ubuntu/workspace/ext/php_openssl: cannot open shared object file: No such file or directory in Unknown on line 0
[06-Apr-2019 12:18:11 UTC] PHP Warning:  PHP Startup: Unable to load dynamic library '/home/ubuntu/workspace/ext/php_fileinfo' - /home/ubuntu/workspace/ext/php_fileinfo: cannot open shared object file: No such file or directory in Unknown on line 0
[06-Apr-2019 12:31:12 UTC] PHP Warning:  PHP Startup: Unable to load dynamic library '/home/ubuntu/workspace/ext/curl' - /home/ubuntu/workspace/ext/curl: cannot open shared object file: No such file or directory in Unknown on line 0
[06-Apr-2019 12:31:12 UTC] PHP Warning:  PHP Startup: Unable to load dynamic library '/home/ubuntu/workspace/ext/gd2' - /home/ubuntu/workspace/ext/gd2: cannot open shared object file: No such file or directory in Unknown on line 0
[06-Apr-2019 12:31:12 UTC] PHP Warning:  PHP Startup: Unable to load dynamic library '/home/ubuntu/workspace/ext/mbstring' - /home/ubuntu/workspace/ext/mbstring: cannot open shared object file: No such file or directory in Unknown on line 0
[06-Apr-2019 12:31:12 UTC] PHP Warning:  PHP Startup: Unable to load dynamic library '/home/ubuntu/workspace/ext/pdo_mysql' - /home/ubuntu/workspace/ext/pdo_mysql: cannot open shared object file: No such file or directory in Unknown on line 0
[06-Apr-2019 12:31:12 UTC] PHP Warning:  PHP Startup: Unable to load dynamic library '/home/ubuntu/workspace/ext/php_bz2' - /home/ubuntu/workspace/ext/php_bz2: cannot open shared object file: No such file or directory in Unknown on line 0
[06-Apr-2019 12:31:12 UTC] PHP Warning:  PHP Startup: Unable to load dynamic library '/home/ubuntu/workspace/ext/php_openssl' - /home/ubuntu/workspace/ext/php_openssl: cannot open shared object file: No such file or directory in Unknown on line 0
[06-Apr-2019 12:31:12 UTC] PHP Warning:  PHP Startup: Unable to load dynamic library '/home/ubuntu/workspace/ext/php_fileinfo' - /home/ubuntu/workspace/ext/php_fileinfo: cannot open shared object file: No such file or directory in Unknown on line 0
[06-Apr-2019 12:33:47 UTC] PHP Warning:  PHP Startup: Unable to load dynamic library '/home/ubuntu/workspace/ext/curl' - /home/ubuntu/workspace/ext/curl: cannot open shared object file: No such file or directory in Unknown on line 0
[06-Apr-2019 12:33:47 UTC] PHP Warning:  PHP Startup: Unable to load dynamic library '/home/ubuntu/workspace/ext/gd2' - /home/ubuntu/workspace/ext/gd2: cannot open shared object file: No such file or directory in Unknown on line 0
[06-Apr-2019 12:33:47 UTC] PHP Warning:  PHP Startup: Unable to load dynamic library '/home/ubuntu/workspace/ext/mbstring' - /home/ubuntu/workspace/ext/mbstring: cannot open shared object file: No such file or directory in Unknown on line 0
[06-Apr-2019 12:33:47 UTC] PHP Warning:  PHP Startup: Unable to load dynamic library '/home/ubuntu/workspace/ext/pdo_mysql' - /home/ubuntu/workspace/ext/pdo_mysql: cannot open shared object file: No such file or directory in Unknown on line 0
[06-Apr-2019 12:33:47 UTC] PHP Warning:  PHP Startup: Unable to load dynamic library '/home/ubuntu/workspace/ext/php_bz2' - /home/ubuntu/workspace/ext/php_bz2: cannot open shared object file: No such file or directory in Unknown on line 0
[06-Apr-2019 12:33:47 UTC] PHP Warning:  PHP Startup: Unable to load dynamic library '/home/ubuntu/workspace/ext/php_openssl' - /home/ubuntu/workspace/ext/php_openssl: cannot open shared object file: No such file or directory in Unknown on line 0
[06-Apr-2019 12:33:47 UTC] PHP Warning:  PHP Startup: Unable to load dynamic library '/home/ubuntu/workspace/ext/php_fileinfo' - /home/ubuntu/workspace/ext/php_fileinfo: cannot open shared object file: No such file or directory in Unknown on line 0
[07-Apr-2019 10:39:58 UTC] PHP Warning:  PHP Startup: Unable to load dynamic library '/home/ubuntu/workspace/ext/curl' - /home/ubuntu/workspace/ext/curl: cannot open shared object file: No such file or directory in Unknown on line 0
[07-Apr-2019 10:39:58 UTC] PHP Warning:  PHP Startup: Unable to load dynamic library '/home/ubuntu/workspace/ext/gd2' - /home/ubuntu/workspace/ext/gd2: cannot open shared object file: No such file or directory in Unknown on line 0
[07-Apr-2019 10:39:58 UTC] PHP Warning:  PHP Startup: Unable to load dynamic library '/home/ubuntu/workspace/ext/mbstring' - /home/ubuntu/workspace/ext/mbstring: cannot open shared object file: No such file or directory in Unknown on line 0
[07-Apr-2019 10:39:58 UTC] PHP Warning:  PHP Startup: Unable to load dynamic library '/home/ubuntu/workspace/ext/pdo_mysql' - /home/ubuntu/workspace/ext/pdo_mysql: cannot open shared object file: No such file or directory in Unknown on line 0
[07-Apr-2019 10:39:58 UTC] PHP Warning:  PHP Startup: Unable to load dynamic library '/home/ubuntu/workspace/ext/php_bz2' - /home/ubuntu/workspace/ext/php_bz2: cannot open shared object file: No such file or directory in Unknown on line 0
[07-Apr-2019 10:39:58 UTC] PHP Warning:  PHP Startup: Unable to load dynamic library '/home/ubuntu/workspace/ext/php_openssl' - /home/ubuntu/workspace/ext/php_openssl: cannot open shared object file: No such file or directory in Unknown on line 0
[07-Apr-2019 10:39:58 UTC] PHP Warning:  PHP Startup: Unable to load dynamic library '/home/ubuntu/workspace/ext/php_fileinfo' - /home/ubuntu/workspace/ext/php_fileinfo: cannot open shared object file: No such file or directory in Unknown on line 0
[07-Apr-2019 10:39:58 UTC] PHP Warning:  PHP Startup: Unable to load dynamic library '/home/ubuntu/workspace/ext/curl' - /home/ubuntu/workspace/ext/curl: cannot open shared object file: No such file or directory in Unknown on line 0
[07-Apr-2019 10:39:58 UTC] PHP Warning:  PHP Startup: Unable to load dynamic library '/home/ubuntu/workspace/ext/gd2' - /home/ubuntu/workspace/ext/gd2: cannot open shared object file: No such file or directory in Unknown on line 0
[07-Apr-2019 10:39:58 UTC] PHP Warning:  PHP Startup: Unable to load dynamic library '/home/ubuntu/workspace/ext/mbstring' - /home/ubuntu/workspace/ext/mbstring: cannot open shared object file: No such file or directory in Unknown on line 0
[07-Apr-2019 10:39:58 UTC] PHP Warning:  PHP Startup: Unable to load dynamic library '/home/ubuntu/workspace/ext/pdo_mysql' - /home/ubuntu/workspace/ext/pdo_mysql: cannot open shared object file: No such file or directory in Unknown on line 0
[07-Apr-2019 10:39:58 UTC] PHP Warning:  PHP Startup: Unable to load dynamic library '/home/ubuntu/workspace/ext/php_bz2' - /home/ubuntu/workspace/ext/php_bz2: cannot open shared object file: No such file or directory in Unknown on line 0
[07-Apr-2019 10:39:58 UTC] PHP Warning:  PHP Startup: Unable to load dynamic library '/home/ubuntu/workspace/ext/php_openssl' - /home/ubuntu/workspace/ext/php_openssl: cannot open shared object file: No such file or directory in Unknown on line 0
[07-Apr-2019 10:39:58 UTC] PHP Warning:  PHP Startup: Unable to load dynamic library '/home/ubuntu/workspace/ext/php_fileinfo' - /home/ubuntu/workspace/ext/php_fileinfo: cannot open shared object file: No such file or directory in Unknown on line 0
[07-Apr-2019 10:43:34 UTC] PHP Warning:  PHP Startup: Unable to load dynamic library '/home/ubuntu/workspace/ext/curl' - /home/ubuntu/workspace/ext/curl: cannot open shared object file: No such file or directory in Unknown on line 0
[07-Apr-2019 10:43:34 UTC] PHP Warning:  PHP Startup: Unable to load dynamic library '/home/ubuntu/workspace/ext/gd2' - /home/ubuntu/workspace/ext/gd2: cannot open shared object file: No such file or directory in Unknown on line 0
[07-Apr-2019 10:43:34 UTC] PHP Warning:  PHP Startup: Unable to load dynamic library '/home/ubuntu/workspace/ext/mbstring' - /home/ubuntu/workspace/ext/mbstring: cannot open shared object file: No such file or directory in Unknown on line 0
[07-Apr-2019 10:43:34 UTC] PHP Warning:  PHP Startup: Unable to load dynamic library '/home/ubuntu/workspace/ext/pdo_mysql' - /home/ubuntu/workspace/ext/pdo_mysql: cannot open shared object file: No such file or directory in Unknown on line 0
[07-Apr-2019 10:43:34 UTC] PHP Warning:  PHP Startup: Unable to load dynamic library '/home/ubuntu/workspace/ext/php_bz2' - /home/ubuntu/workspace/ext/php_bz2: cannot open shared object file: No such file or directory in Unknown on line 0
[07-Apr-2019 10:43:34 UTC] PHP Warning:  PHP Startup: Unable to load dynamic library '/home/ubuntu/workspace/ext/php_openssl' - /home/ubuntu/workspace/ext/php_openssl: cannot open shared object file: No such file or directory in Unknown on line 0
[07-Apr-2019 10:43:34 UTC] PHP Warning:  PHP Startup: Unable to load dynamic library '/home/ubuntu/workspace/ext/php_fileinfo' - /home/ubuntu/workspace/ext/php_fileinfo: cannot open shared object file: No such file or directory in Unknown on line 0
[07-Apr-2019 10:43:42 UTC] PHP Warning:  PHP Startup: Unable to load dynamic library '/home/ubuntu/workspace/ext/curl' - /home/ubuntu/workspace/ext/curl: cannot open shared object file: No such file or directory in Unknown on line 0
[07-Apr-2019 10:43:42 UTC] PHP Warning:  PHP Startup: Unable to load dynamic library '/home/ubuntu/workspace/ext/gd2' - /home/ubuntu/workspace/ext/gd2: cannot open shared object file: No such file or directory in Unknown on line 0
[07-Apr-2019 10:43:42 UTC] PHP Warning:  PHP Startup: Unable to load dynamic library '/home/ubuntu/workspace/ext/mbstring' - /home/ubuntu/workspace/ext/mbstring: cannot open shared object file: No such file or directory in Unknown on line 0
[07-Apr-2019 10:43:42 UTC] PHP Warning:  PHP Startup: Unable to load dynamic library '/home/ubuntu/workspace/ext/pdo_mysql' - /home/ubuntu/workspace/ext/pdo_mysql: cannot open shared object file: No such file or directory in Unknown on line 0
[07-Apr-2019 10:43:42 UTC] PHP Warning:  PHP Startup: Unable to load dynamic library '/home/ubuntu/workspace/ext/php_bz2' - /home/ubuntu/workspace/ext/php_bz2: cannot open shared object file: No such file or directory in Unknown on line 0
[07-Apr-2019 10:43:42 UTC] PHP Warning:  PHP Startup: Unable to load dynamic library '/home/ubuntu/workspace/ext/php_openssl' - /home/ubuntu/workspace/ext/php_openssl: cannot open shared object file: No such file or directory in Unknown on line 0
[07-Apr-2019 10:43:42 UTC] PHP Warning:  PHP Startup: Unable to load dynamic library '/home/ubuntu/workspace/ext/php_fileinfo' - /home/ubuntu/workspace/ext/php_fileinfo: cannot open shared object file: No such file or directory in Unknown on line 0
[07-Apr-2019 10:46:23 UTC] PHP Warning:  PHP Startup: Unable to load dynamic library '/home/ubuntu/workspace/ext/curl' - /home/ubuntu/workspace/ext/curl: cannot open shared object file: No such file or directory in Unknown on line 0
[07-Apr-2019 10:46:23 UTC] PHP Warning:  PHP Startup: Unable to load dynamic library '/home/ubuntu/workspace/ext/gd2' - /home/ubuntu/workspace/ext/gd2: cannot open shared object file: No such file or directory in Unknown on line 0
[07-Apr-2019 10:46:23 UTC] PHP Warning:  PHP Startup: Unable to load dynamic library '/home/ubuntu/workspace/ext/mbstring' - /home/ubuntu/workspace/ext/mbstring: cannot open shared object file: No such file or directory in Unknown on line 0
[07-Apr-2019 10:46:23 UTC] PHP Warning:  PHP Startup: Unable to load dynamic library '/home/ubuntu/workspace/ext/pdo_mysql' - /home/ubuntu/workspace/ext/pdo_mysql: cannot open shared object file: No such file or directory in Unknown on line 0
[07-Apr-2019 10:46:23 UTC] PHP Warning:  PHP Startup: Unable to load dynamic library '/home/ubuntu/workspace/ext/php_bz2' - /home/ubuntu/workspace/ext/php_bz2: cannot open shared object file: No such file or directory in Unknown on line 0
[07-Apr-2019 10:46:23 UTC] PHP Warning:  PHP Startup: Unable to load dynamic library '/home/ubuntu/workspace/ext/php_openssl' - /home/ubuntu/workspace/ext/php_openssl: cannot open shared object file: No such file or directory in Unknown on line 0
[07-Apr-2019 10:46:23 UTC] PHP Warning:  PHP Startup: Unable to load dynamic library '/home/ubuntu/workspace/ext/php_fileinfo' - /home/ubuntu/workspace/ext/php_fileinfo: cannot open shared object file: No such file or directory in Unknown on line 0
[02-May-2019 14:05:20 UTC] PHP Warning:  PHP Startup: Unable to load dynamic library '/home/ubuntu/workspace/ext/curl' - /home/ubuntu/workspace/ext/curl: cannot open shared object file: No such file or directory in Unknown on line 0
[02-May-2019 14:05:20 UTC] PHP Warning:  PHP Startup: Unable to load dynamic library '/home/ubuntu/workspace/ext/gd2' - /home/ubuntu/workspace/ext/gd2: cannot open shared object file: No such file or directory in Unknown on line 0
[02-May-2019 14:05:20 UTC] PHP Warning:  PHP Startup: Unable to load dynamic library '/home/ubuntu/workspace/ext/mbstring' - /home/ubuntu/workspace/ext/mbstring: cannot open shared object file: No such file or directory in Unknown on line 0
[02-May-2019 14:05:20 UTC] PHP Warning:  PHP Startup: Unable to load dynamic library '/home/ubuntu/workspace/ext/pdo_mysql' - /home/ubuntu/workspace/ext/pdo_mysql: cannot open shared object file: No such file or directory in Unknown on line 0
[02-May-2019 14:05:20 UTC] PHP Warning:  PHP Startup: Unable to load dynamic library '/home/ubuntu/workspace/ext/php_bz2' - /home/ubuntu/workspace/ext/php_bz2: cannot open shared object file: No such file or directory in Unknown on line 0
[02-May-2019 14:05:20 UTC] PHP Warning:  PHP Startup: Unable to load dynamic library '/home/ubuntu/workspace/ext/php_openssl' - /home/ubuntu/workspace/ext/php_openssl: cannot open shared object file: No such file or directory in Unknown on line 0
[02-May-2019 14:05:20 UTC] PHP Warning:  PHP Startup: Unable to load dynamic library '/home/ubuntu/workspace/ext/php_fileinfo' - /home/ubuntu/workspace/ext/php_fileinfo: cannot open shared object file: No such file or directory in Unknown on line 0
[02-May-2019 14:06:51 UTC] PHP Warning:  PHP Startup: Unable to load dynamic library '/home/ubuntu/workspace/ext/curl' - /home/ubuntu/workspace/ext/curl: cannot open shared object file: No such file or directory in Unknown on line 0
[02-May-2019 14:06:51 UTC] PHP Warning:  PHP Startup: Unable to load dynamic library '/home/ubuntu/workspace/ext/gd2' - /home/ubuntu/workspace/ext/gd2: cannot open shared object file: No such file or directory in Unknown on line 0
[02-May-2019 14:06:51 UTC] PHP Warning:  PHP Startup: Unable to load dynamic library '/home/ubuntu/workspace/ext/mbstring' - /home/ubuntu/workspace/ext/mbstring: cannot open shared object file: No such file or directory in Unknown on line 0
[02-May-2019 14:06:51 UTC] PHP Warning:  PHP Startup: Unable to load dynamic library '/home/ubuntu/workspace/ext/pdo_mysql' - /home/ubuntu/workspace/ext/pdo_mysql: cannot open shared object file: No such file or directory in Unknown on line 0
[02-May-2019 14:06:51 UTC] PHP Warning:  PHP Startup: Unable to load dynamic library '/home/ubuntu/workspace/ext/php_bz2' - /home/ubuntu/workspace/ext/php_bz2: cannot open shared object file: No such file or directory in Unknown on line 0
[02-May-2019 14:06:51 UTC] PHP Warning:  PHP Startup: Unable to load dynamic library '/home/ubuntu/workspace/ext/php_openssl' - /home/ubuntu/workspace/ext/php_openssl: cannot open shared object file: No such file or directory in Unknown on line 0
[02-May-2019 14:06:51 UTC] PHP Warning:  PHP Startup: Unable to load dynamic library '/home/ubuntu/workspace/ext/php_fileinfo' - /home/ubuntu/workspace/ext/php_fileinfo: cannot open shared object file: No such file or directory in Unknown on line 0
[02-May-2019 14:06:52 UTC] PHP Warning:  PHP Startup: Unable to load dynamic library '/home/ubuntu/workspace/ext/curl' - /home/ubuntu/workspace/ext/curl: cannot open shared object file: No such file or directory in Unknown on line 0
[02-May-2019 14:06:52 UTC] PHP Warning:  PHP Startup: Unable to load dynamic library '/home/ubuntu/workspace/ext/gd2' - /home/ubuntu/workspace/ext/gd2: cannot open shared object file: No such file or directory in Unknown on line 0
[02-May-2019 14:06:52 UTC] PHP Warning:  PHP Startup: Unable to load dynamic library '/home/ubuntu/workspace/ext/mbstring' - /home/ubuntu/workspace/ext/mbstring: cannot open shared object file: No such file or directory in Unknown on line 0
[02-May-2019 14:06:52 UTC] PHP Warning:  PHP Startup: Unable to load dynamic library '/home/ubuntu/workspace/ext/pdo_mysql' - /home/ubuntu/workspace/ext/pdo_mysql: cannot open shared object file: No such file or directory in Unknown on line 0
[02-May-2019 14:06:52 UTC] PHP Warning:  PHP Startup: Unable to load dynamic library '/home/ubuntu/workspace/ext/php_bz2' - /home/ubuntu/workspace/ext/php_bz2: cannot open shared object file: No such file or directory in Unknown on line 0
[02-May-2019 14:06:52 UTC] PHP Warning:  PHP Startup: Unable to load dynamic library '/home/ubuntu/workspace/ext/php_openssl' - /home/ubuntu/workspace/ext/php_openssl: cannot open shared object file: No such file or directory in Unknown on line 0
[02-May-2019 14:06:52 UTC] PHP Warning:  PHP Startup: Unable to load dynamic library '/home/ubuntu/workspace/ext/php_fileinfo' - /home/ubuntu/workspace/ext/php_fileinfo: cannot open shared object file: No such file or directory in Unknown on line 0
[13-May-2019 02:12:21 UTC] PHP Warning:  PHP Startup: Unable to load dynamic library '/home/ubuntu/workspace/ext/curl' - /home/ubuntu/workspace/ext/curl: cannot open shared object file: No such file or directory in Unknown on line 0
[13-May-2019 02:12:21 UTC] PHP Warning:  PHP Startup: Unable to load dynamic library '/home/ubuntu/workspace/ext/gd2' - /home/ubuntu/workspace/ext/gd2: cannot open shared object file: No such file or directory in Unknown on line 0
[13-May-2019 02:12:21 UTC] PHP Warning:  PHP Startup: Unable to load dynamic library '/home/ubuntu/workspace/ext/mbstring' - /home/ubuntu/workspace/ext/mbstring: cannot open shared object file: No such file or directory in Unknown on line 0
[13-May-2019 02:12:21 UTC] PHP Warning:  PHP Startup: Unable to load dynamic library '/home/ubuntu/workspace/ext/pdo_mysql' - /home/ubuntu/workspace/ext/pdo_mysql: cannot open shared object file: No such file or directory in Unknown on line 0
[13-May-2019 02:12:21 UTC] PHP Warning:  PHP Startup: Unable to load dynamic library '/home/ubuntu/workspace/ext/php_bz2' - /home/ubuntu/workspace/ext/php_bz2: cannot open shared object file: No such file or directory in Unknown on line 0
[13-May-2019 02:12:21 UTC] PHP Warning:  PHP Startup: Unable to load dynamic library '/home/ubuntu/workspace/ext/php_openssl' - /home/ubuntu/workspace/ext/php_openssl: cannot open shared object file: No such file or directory in Unknown on line 0
[13-May-2019 02:12:21 UTC] PHP Warning:  PHP Startup: Unable to load dynamic library '/home/ubuntu/workspace/ext/php_fileinfo' - /home/ubuntu/workspace/ext/php_fileinfo: cannot open shared object file: No such file or directory in Unknown on line 0
[13-May-2019 02:13:10 UTC] PHP Warning:  PHP Startup: Unable to load dynamic library '/home/ubuntu/workspace/ext/curl' - /home/ubuntu/workspace/ext/curl: cannot open shared object file: No such file or directory in Unknown on line 0
[13-May-2019 02:13:10 UTC] PHP Warning:  PHP Startup: Unable to load dynamic library '/home/ubuntu/workspace/ext/gd2' - /home/ubuntu/workspace/ext/gd2: cannot open shared object file: No such file or directory in Unknown on line 0
[13-May-2019 02:13:10 UTC] PHP Warning:  PHP Startup: Unable to load dynamic library '/home/ubuntu/workspace/ext/mbstring' - /home/ubuntu/workspace/ext/mbstring: cannot open shared object file: No such file or directory in Unknown on line 0
[13-May-2019 02:13:10 UTC] PHP Warning:  PHP Startup: Unable to load dynamic library '/home/ubuntu/workspace/ext/pdo_mysql' - /home/ubuntu/workspace/ext/pdo_mysql: cannot open shared object file: No such file or directory in Unknown on line 0
[13-May-2019 02:13:10 UTC] PHP Warning:  PHP Startup: Unable to load dynamic library '/home/ubuntu/workspace/ext/php_bz2' - /home/ubuntu/workspace/ext/php_bz2: cannot open shared object file: No such file or directory in Unknown on line 0
[13-May-2019 02:13:10 UTC] PHP Warning:  PHP Startup: Unable to load dynamic library '/home/ubuntu/workspace/ext/php_openssl' - /home/ubuntu/workspace/ext/php_openssl: cannot open shared object file: No such file or directory in Unknown on line 0
[13-May-2019 02:13:10 UTC] PHP Warning:  PHP Startup: Unable to load dynamic library '/home/ubuntu/workspace/ext/php_fileinfo' - /home/ubuntu/workspace/ext/php_fileinfo: cannot open shared object file: No such file or directory in Unknown on line 0
[13-May-2019 02:13:10 UTC] PHP Warning:  PHP Startup: Unable to load dynamic library '/home/ubuntu/workspace/ext/curl' - /home/ubuntu/workspace/ext/curl: cannot open shared object file: No such file or directory in Unknown on line 0
[13-May-2019 02:13:10 UTC] PHP Warning:  PHP Startup: Unable to load dynamic library '/home/ubuntu/workspace/ext/gd2' - /home/ubuntu/workspace/ext/gd2: cannot open shared object file: No such file or directory in Unknown on line 0
[13-May-2019 02:13:10 UTC] PHP Warning:  PHP Startup: Unable to load dynamic library '/home/ubuntu/workspace/ext/mbstring' - /home/ubuntu/workspace/ext/mbstring: cannot open shared object file: No such file or directory in Unknown on line 0
[13-May-2019 02:13:10 UTC] PHP Warning:  PHP Startup: Unable to load dynamic library '/home/ubuntu/workspace/ext/pdo_mysql' - /home/ubuntu/workspace/ext/pdo_mysql: cannot open shared object file: No such file or directory in Unknown on line 0
[13-May-2019 02:13:10 UTC] PHP Warning:  PHP Startup: Unable to load dynamic library '/home/ubuntu/workspace/ext/php_bz2' - /home/ubuntu/workspace/ext/php_bz2: cannot open shared object file: No such file or directory in Unknown on line 0
[13-May-2019 02:13:10 UTC] PHP Warning:  PHP Startup: Unable to load dynamic library '/home/ubuntu/workspace/ext/php_openssl' - /home/ubuntu/workspace/ext/php_openssl: cannot open shared object file: No such file or directory in Unknown on line 0
[13-May-2019 02:13:10 UTC] PHP Warning:  PHP Startup: Unable to load dynamic library '/home/ubuntu/workspace/ext/php_fileinfo' - /home/ubuntu/workspace/ext/php_fileinfo: cannot open shared object file: No such file or directory in Unknown on line 0
[13-May-2019 02:13:24 UTC] PHP Warning:  PHP Startup: Unable to load dynamic library '/home/ubuntu/workspace/ext/curl' - /home/ubuntu/workspace/ext/curl: cannot open shared object file: No such file or directory in Unknown on line 0
[13-May-2019 02:13:24 UTC] PHP Warning:  PHP Startup: Unable to load dynamic library '/home/ubuntu/workspace/ext/gd2' - /home/ubuntu/workspace/ext/gd2: cannot open shared object file: No such file or directory in Unknown on line 0
[13-May-2019 02:13:24 UTC] PHP Warning:  PHP Startup: Unable to load dynamic library '/home/ubuntu/workspace/ext/mbstring' - /home/ubuntu/workspace/ext/mbstring: cannot open shared object file: No such file or directory in Unknown on line 0
[13-May-2019 02:13:24 UTC] PHP Warning:  PHP Startup: Unable to load dynamic library '/home/ubuntu/workspace/ext/pdo_mysql' - /home/ubuntu/workspace/ext/pdo_mysql: cannot open shared object file: No such file or directory in Unknown on line 0
[13-May-2019 02:13:24 UTC] PHP Warning:  PHP Startup: Unable to load dynamic library '/home/ubuntu/workspace/ext/php_bz2' - /home/ubuntu/workspace/ext/php_bz2: cannot open shared object file: No such file or directory in Unknown on line 0
[13-May-2019 02:13:24 UTC] PHP Warning:  PHP Startup: Unable to load dynamic library '/home/ubuntu/workspace/ext/php_openssl' - /home/ubuntu/workspace/ext/php_openssl: cannot open shared object file: No such file or directory in Unknown on line 0
[13-May-2019 02:13:24 UTC] PHP Warning:  PHP Startup: Unable to load dynamic library '/home/ubuntu/workspace/ext/php_fileinfo' - /home/ubuntu/workspace/ext/php_fileinfo: cannot open shared object file: No such file or directory in Unknown on line 0
[13-May-2019 02:13:43 UTC] PHP Warning:  PHP Startup: Unable to load dynamic library '/home/ubuntu/workspace/ext/curl' - /home/ubuntu/workspace/ext/curl: cannot open shared object file: No such file or directory in Unknown on line 0
[13-May-2019 02:13:43 UTC] PHP Warning:  PHP Startup: Unable to load dynamic library '/home/ubuntu/workspace/ext/gd2' - /home/ubuntu/workspace/ext/gd2: cannot open shared object file: No such file or directory in Unknown on line 0
[13-May-2019 02:13:43 UTC] PHP Warning:  PHP Startup: Unable to load dynamic library '/home/ubuntu/workspace/ext/mbstring' - /home/ubuntu/workspace/ext/mbstring: cannot open shared object file: No such file or directory in Unknown on line 0
[13-May-2019 02:13:43 UTC] PHP Warning:  PHP Startup: Unable to load dynamic library '/home/ubuntu/workspace/ext/pdo_mysql' - /home/ubuntu/workspace/ext/pdo_mysql: cannot open shared object file: No such file or directory in Unknown on line 0
[13-May-2019 02:13:43 UTC] PHP Warning:  PHP Startup: Unable to load dynamic library '/home/ubuntu/workspace/ext/php_bz2' - /home/ubuntu/workspace/ext/php_bz2: cannot open shared object file: No such file or directory in Unknown on line 0
[13-May-2019 02:13:43 UTC] PHP Warning:  PHP Startup: Unable to load dynamic library '/home/ubuntu/workspace/ext/php_openssl' - /home/ubuntu/workspace/ext/php_openssl: cannot open shared object file: No such file or directory in Unknown on line 0
[13-May-2019 02:13:43 UTC] PHP Warning:  PHP Startup: Unable to load dynamic library '/home/ubuntu/workspace/ext/php_fileinfo' - /home/ubuntu/workspace/ext/php_fileinfo: cannot open shared object file: No such file or directory in Unknown on line 0
[13-May-2019 02:13:43 UTC] PHP Warning:  PHP Startup: Unable to load dynamic library '/home/ubuntu/workspace/ext/curl' - /home/ubuntu/workspace/ext/curl: cannot open shared object file: No such file or directory in Unknown on line 0
[13-May-2019 02:13:43 UTC] PHP Warning:  PHP Startup: Unable to load dynamic library '/home/ubuntu/workspace/ext/gd2' - /home/ubuntu/workspace/ext/gd2: cannot open shared object file: No such file or directory in Unknown on line 0
[13-May-2019 02:13:43 UTC] PHP Warning:  PHP Startup: Unable to load dynamic library '/home/ubuntu/workspace/ext/mbstring' - /home/ubuntu/workspace/ext/mbstring: cannot open shared object file: No such file or directory in Unknown on line 0
[13-May-2019 02:13:43 UTC] PHP Warning:  PHP Startup: Unable to load dynamic library '/home/ubuntu/workspace/ext/pdo_mysql' - /home/ubuntu/workspace/ext/pdo_mysql: cannot open shared object file: No such file or directory in Unknown on line 0
[13-May-2019 02:13:43 UTC] PHP Warning:  PHP Startup: Unable to load dynamic library '/home/ubuntu/workspace/ext/php_bz2' - /home/ubuntu/workspace/ext/php_bz2: cannot open shared object file: No such file or directory in Unknown on line 0
[13-May-2019 02:13:43 UTC] PHP Warning:  PHP Startup: Unable to load dynamic library '/home/ubuntu/workspace/ext/php_openssl' - /home/ubuntu/workspace/ext/php_openssl: cannot open shared object file: No such file or directory in Unknown on line 0
[13-May-2019 02:13:43 UTC] PHP Warning:  PHP Startup: Unable to load dynamic library '/home/ubuntu/workspace/ext/php_fileinfo' - /home/ubuntu/workspace/ext/php_fileinfo: cannot open shared object file: No such file or directory in Unknown on line 0
[13-May-2019 03:19:10 UTC] PHP Warning:  PHP Startup: Unable to load dynamic library '/home/ubuntu/workspace/ext/curl' - /home/ubuntu/workspace/ext/curl: cannot open shared object file: No such file or directory in Unknown on line 0
[13-May-2019 03:19:10 UTC] PHP Warning:  PHP Startup: Unable to load dynamic library '/home/ubuntu/workspace/ext/gd2' - /home/ubuntu/workspace/ext/gd2: cannot open shared object file: No such file or directory in Unknown on line 0
[13-May-2019 03:19:10 UTC] PHP Warning:  PHP Startup: Unable to load dynamic library '/home/ubuntu/workspace/ext/mbstring' - /home/ubuntu/workspace/ext/mbstring: cannot open shared object file: No such file or directory in Unknown on line 0
[13-May-2019 03:19:10 UTC] PHP Warning:  PHP Startup: Unable to load dynamic library '/home/ubuntu/workspace/ext/pdo_mysql' - /home/ubuntu/workspace/ext/pdo_mysql: cannot open shared object file: No such file or directory in Unknown on line 0
[13-May-2019 03:19:10 UTC] PHP Warning:  PHP Startup: Unable to load dynamic library '/home/ubuntu/workspace/ext/php_bz2' - /home/ubuntu/workspace/ext/php_bz2: cannot open shared object file: No such file or directory in Unknown on line 0
[13-May-2019 03:19:10 UTC] PHP Warning:  PHP Startup: Unable to load dynamic library '/home/ubuntu/workspace/ext/php_openssl' - /home/ubuntu/workspace/ext/php_openssl: cannot open shared object file: No such file or directory in Unknown on line 0
[13-May-2019 03:19:10 UTC] PHP Warning:  PHP Startup: Unable to load dynamic library '/home/ubuntu/workspace/ext/php_fileinfo' - /home/ubuntu/workspace/ext/php_fileinfo: cannot open shared object file: No such file or directory in Unknown on line 0
[13-May-2019 03:24:44 UTC] PHP Warning:  PHP Startup: Unable to load dynamic library '/home/ubuntu/workspace/ext/curl' - /home/ubuntu/workspace/ext/curl: cannot open shared object file: No such file or directory in Unknown on line 0
[13-May-2019 03:24:44 UTC] PHP Warning:  PHP Startup: Unable to load dynamic library '/home/ubuntu/workspace/ext/gd2' - /home/ubuntu/workspace/ext/gd2: cannot open shared object file: No such file or directory in Unknown on line 0
[13-May-2019 03:24:44 UTC] PHP Warning:  PHP Startup: Unable to load dynamic library '/home/ubuntu/workspace/ext/mbstring' - /home/ubuntu/workspace/ext/mbstring: cannot open shared object file: No such file or directory in Unknown on line 0
[13-May-2019 03:24:44 UTC] PHP Warning:  PHP Startup: Unable to load dynamic library '/home/ubuntu/workspace/ext/pdo_mysql' - /home/ubuntu/workspace/ext/pdo_mysql: cannot open shared object file: No such file or directory in Unknown on line 0
[13-May-2019 03:24:44 UTC] PHP Warning:  PHP Startup: Unable to load dynamic library '/home/ubuntu/workspace/ext/php_bz2' - /home/ubuntu/workspace/ext/php_bz2: cannot open shared object file: No such file or directory in Unknown on line 0
[13-May-2019 03:24:44 UTC] PHP Warning:  PHP Startup: Unable to load dynamic library '/home/ubuntu/workspace/ext/php_openssl' - /home/ubuntu/workspace/ext/php_openssl: cannot open shared object file: No such file or directory in Unknown on line 0
[13-May-2019 03:24:44 UTC] PHP Warning:  PHP Startup: Unable to load dynamic library '/home/ubuntu/workspace/ext/php_fileinfo' - /home/ubuntu/workspace/ext/php_fileinfo: cannot open shared object file: No such file or directory in Unknown on line 0
[14-May-2019 11:12:56 UTC] PHP Warning:  PHP Startup: Unable to load dynamic library '/home/ubuntu/workspace/ext/curl' - /home/ubuntu/workspace/ext/curl: cannot open shared object file: No such file or directory in Unknown on line 0
[14-May-2019 11:12:56 UTC] PHP Warning:  PHP Startup: Unable to load dynamic library '/home/ubuntu/workspace/ext/gd2' - /home/ubuntu/workspace/ext/gd2: cannot open shared object file: No such file or directory in Unknown on line 0
[14-May-2019 11:12:56 UTC] PHP Warning:  PHP Startup: Unable to load dynamic library '/home/ubuntu/workspace/ext/mbstring' - /home/ubuntu/workspace/ext/mbstring: cannot open shared object file: No such file or directory in Unknown on line 0
[14-May-2019 11:12:56 UTC] PHP Warning:  PHP Startup: Unable to load dynamic library '/home/ubuntu/workspace/ext/pdo_mysql' - /home/ubuntu/workspace/ext/pdo_mysql: cannot open shared object file: No such file or directory in Unknown on line 0
[14-May-2019 11:12:56 UTC] PHP Warning:  PHP Startup: Unable to load dynamic library '/home/ubuntu/workspace/ext/php_bz2' - /home/ubuntu/workspace/ext/php_bz2: cannot open shared object file: No such file or directory in Unknown on line 0
[14-May-2019 11:12:56 UTC] PHP Warning:  PHP Startup: Unable to load dynamic library '/home/ubuntu/workspace/ext/php_openssl' - /home/ubuntu/workspace/ext/php_openssl: cannot open shared object file: No such file or directory in Unknown on line 0
[14-May-2019 11:12:56 UTC] PHP Warning:  PHP Startup: Unable to load dynamic library '/home/ubuntu/workspace/ext/php_fileinfo' - /home/ubuntu/workspace/ext/php_fileinfo: cannot open shared object file: No such file or directory in Unknown on line 0
